c:\users\jackc\documents\uni\year 4\csc8502 - advanced graphics for games\graphicsframework\graphics for games\2) matrix transformations\debug\vc140.pdb
c:\users\jackc\documents\uni\year 4\csc8502 - advanced graphics for games\graphicsframework\graphics for games\2) matrix transformations\debug\vc140.idb
c:\users\jackc\documents\uni\year 4\csc8502 - advanced graphics for games\graphicsframework\graphics for games\2) matrix transformations\debug\renderer.obj
c:\users\jackc\documents\uni\year 4\csc8502 - advanced graphics for games\graphicsframework\graphics for games\2) matrix transformations\debug\tutorial2.obj
c:\users\jackc\documents\uni\year 4\csc8502 - advanced graphics for games\graphicsframework\graphics for games\debug\tutorial 02 - matrix transformations.ilk
c:\users\jackc\documents\uni\year 4\csc8502 - advanced graphics for games\graphicsframework\graphics for games\debug\tutorial 02 - matrix transformations.exe
c:\users\jackc\documents\uni\year 4\csc8502 - advanced graphics for games\graphicsframework\graphics for games\debug\tutorial 02 - matrix transformations.pdb
d:\documents\csc8502 - advanced graphics for games\graphics code 2015\graphicsframework\graphics for games\2) matrix transformations\debug\renderer.obj
d:\documents\csc8502 - advanced graphics for games\graphics code 2015\graphicsframework\graphics for games\2) matrix transformations\debug\tutorial2.obj
d:\documents\csc8502 - advanced graphics for games\graphics code 2015\graphicsframework\graphics for games\2) matrix transformations\debug\vc140.idb
d:\documents\csc8502 - advanced graphics for games\graphics code 2015\graphicsframework\graphics for games\2) matrix transformations\debug\vc140.pdb
d:\documents\csc8502 - advanced graphics for games\graphics code 2015\graphicsframework\graphics for games\debug\tutorial 02 - matrix transformations.pdb
d:\documents\csc8502 - advanced graphics for games\graphics code 2015\graphicsframework\graphics for games\debug\tutorial 02 - matrix transformations.exe
d:\documents\csc8502 - advanced graphics for games\graphics code 2015\graphicsframework\graphics for games\debug\tutorial 02 - matrix transformations.ilk
d:\documents\csc8502 - advanced graphics for games\graphics code 2015\graphicsframework\graphics for games\2) matrix transformations\debug\tutorial.c5675b01.tlog\cl.command.1.tlog
d:\documents\csc8502 - advanced graphics for games\graphics code 2015\graphicsframework\graphics for games\2) matrix transformations\debug\tutorial.c5675b01.tlog\cl.read.1.tlog
d:\documents\csc8502 - advanced graphics for games\graphics code 2015\graphicsframework\graphics for games\2) matrix transformations\debug\tutorial.c5675b01.tlog\cl.write.1.tlog
d:\documents\csc8502 - advanced graphics for games\graphics code 2015\graphicsframework\graphics for games\2) matrix transformations\debug\tutorial.c5675b01.tlog\link.command.1.tlog
d:\documents\csc8502 - advanced graphics for games\graphics code 2015\graphicsframework\graphics for games\2) matrix transformations\debug\tutorial.c5675b01.tlog\link.read.1.tlog
d:\documents\csc8502 - advanced graphics for games\graphics code 2015\graphicsframework\graphics for games\2) matrix transformations\debug\tutorial.c5675b01.tlog\link.write.1.tlog
