Build started 02/11/2016 11:06:20.
     1>Project "D:\Documents\CSC8502 - Advanced Graphics for Games\Graphics Code 2015\GraphicsFramework\Graphics For Games\2) Matrix Transformations\Tutorial2.vcxproj" on node 2 (Build target(s)).
     1>ClCompile:
         C:\Program Files (x86)\Microsoft Visual Studio 14.0\VC\bin\CL.exe /c /ZI /nologo /W3 /WX- /Od /Oy- /D _MBCS /Gm /EHsc /RTC1 /MDd /GS /fp:precise /Zc:wchar_t /Zc:forScope /Zc:inline /Fo"Debug\\" /Fd"Debug\vc140.pdb" /Gd /TP /analyze- /errorReport:prompt Renderer.cpp tutorial2.cpp
         Renderer.cpp
         Generating Code...
         Compiling...
         tutorial2.cpp
         Generating Code...
       Link:
         C:\Program Files (x86)\Microsoft Visual Studio 14.0\VC\bin\link.exe /ERRORREPORT:PROMPT /OUT:"D:\Documents\CSC8502 - Advanced Graphics for Games\Graphics Code 2015\GraphicsFramework\Graphics For Games\Debug\Tutorial 02 - Matrix transformations.exe" /INCREMENTAL /NOLOGO kernel32.lib user32.lib gdi32.lib winspool.lib comdlg32.lib advapi32.lib shell32.lib ole32.lib oleaut32.lib uuid.lib odbc32.lib odbccp32.lib /MANIFEST /MANIFESTUAC:"level='asInvoker' uiAccess='false'" /manifest:embed /Debug /PDB:"D:\Documents\CSC8502 - Advanced Graphics for Games\Graphics Code 2015\GraphicsFramework\Graphics For Games\Debug\Tutorial 02 - Matrix transformations.pdb" /TLBID:1 /DYNAMICBASE /NXCOMPAT /IMPLIB:"D:\Documents\CSC8502 - Advanced Graphics for Games\Graphics Code 2015\GraphicsFramework\Graphics For Games\Debug\Tutorial 02 - Matrix transformations.lib" /MACHINE:X86 Debug\Renderer.obj
         Debug\tutorial2.obj
     1>Renderer.obj : warning LNK4049: locally defined symbol ___glewGetUniformLocation imported
     1>Renderer.obj : warning LNK4049: locally defined symbol ___glewUniformMatrix4fv imported
     1>Renderer.obj : warning LNK4049: locally defined symbol ___glewUseProgram imported
     1>glew32.lib(glew.obj) : warning LNK4099: PDB 'vc120.pdb' was not found with 'glew32.lib(glew.obj)' or at 'D:\Documents\CSC8502 - Advanced Graphics for Games\Graphics Code 2015\GraphicsFramework\Graphics For Games\Debug\vc120.pdb'; linking object as if no debug info
         Tutorial2.vcxproj -> D:\Documents\CSC8502 - Advanced Graphics for Games\Graphics Code 2015\GraphicsFramework\Graphics For Games\Debug\Tutorial 02 - Matrix transformations.exe
     1>Done Building Project "D:\Documents\CSC8502 - Advanced Graphics for Games\Graphics Code 2015\GraphicsFramework\Graphics For Games\2) Matrix Transformations\Tutorial2.vcxproj" (Build target(s)).

Build succeeded.

Time Elapsed 00:00:01.70
